<?xml version="1.0" encoding="UTF-8" ?>
<testsuites disabled="0" errors="0" failures="1" tests="3" time="19.086">
 <testsuite name="CheckBox Selcted/Not" timestamp="2024-09-08T10:33:36" hostname="localhost" time="6.463" errors="0" tests="1" skipped="0" disabled="0" failures="0">
  <testcase classname="CheckBox Selcted/Not" name="valiadte whather checkbox checked/not" time="6.463" />
 </testsuite>
 <testsuite name="Clear The text" timestamp="2024-09-08T10:33:43" hostname="localhost" time="11.379" errors="0" tests="1" skipped="0" disabled="0" failures="0">
  <testcase classname="Clear The text" name="valiadte by clearing the text" time="11.379" />
 </testsuite>
 <testsuite name="Drop Down handling" timestamp="2024-09-08T10:33:54" hostname="localhost" time="1.244" errors="0" tests="1" skipped="0" disabled="0" failures="1">
  <testcase classname="Drop Down handling" name="valiadte and handle drop down" time="1.244">
   <failure type="exception" message="Failed: No element found using locator: By(css selector, *[id=&quot;hsjsjsj&quot;])"><![CDATA[NoSuchElementError: No element found using locator: By(css selector, *[id="hsjsjsj"])
    at C:\Users\Nandhini\AppData\Roaming\npm\node_modules\protractor\built\element.js:814:27
    at ManagedPromise.invokeCallback_ (C:\Users\Nandhini\AppData\Roaming\npm\node_modules\protractor\node_modules\selenium-webdriver\lib\promise.js:1376:14)
    at TaskQueue.execute_ (C:\Users\Nandhini\AppData\Roaming\npm\node_modules\protractor\node_modules\selenium-webdriver\lib\promise.js:3084:14)
    at TaskQueue.executeNext_ (C:\Users\Nandhini\AppData\Roaming\npm\node_modules\protractor\node_modules\selenium-webdriver\lib\promise.js:3067:27)
    at C:\Users\Nandhini\AppData\Roaming\npm\node_modules\protractor\node_modules\selenium-webdriver\lib\promise.js:2927:27
    at C:\Users\Nandhini\AppData\Roaming\npm\node_modules\protractor\node_modules\selenium-webdriver\lib\promise.js:668:7
    at processTicksAndRejections (node:internal/process/task_queues:95:5)Error
    at ElementArrayFinder.applyAction_ (C:\Users\Nandhini\AppData\Roaming\npm\node_modules\protractor\built\element.js:459:27)
    at ElementArrayFinder.<computed> [as click] (C:\Users\Nandhini\AppData\Roaming\npm\node_modules\protractor\built\element.js:91:29)
    at ElementFinder.<computed> [as click] (C:\Users\Nandhini\AppData\Roaming\npm\node_modules\protractor\built\element.js:831:22)
    at UserContext.<anonymous> (C:\Users\Nandhini\Documents\QA Study Docs\Protractor\user-interactions-examples\dropdown-handling.spec.js:10:18)
    at C:\Users\Nandhini\AppData\Roaming\npm\node_modules\protractor\node_modules\jasminewd2\index.js:112:25
    at new ManagedPromise (C:\Users\Nandhini\AppData\Roaming\npm\node_modules\protractor\node_modules\selenium-webdriver\lib\promise.js:1077:7)
    at ControlFlow.promise (C:\Users\Nandhini\AppData\Roaming\npm\node_modules\protractor\node_modules\selenium-webdriver\lib\promise.js:2505:12)
    at schedulerExecute (C:\Users\Nandhini\AppData\Roaming\npm\node_modules\protractor\node_modules\jasminewd2\index.js:95:18)
    at TaskQueue.execute_ (C:\Users\Nandhini\AppData\Roaming\npm\node_modules\protractor\node_modules\selenium-webdriver\lib\promise.js:3084:14)
    at TaskQueue.executeNext_ (C:\Users\Nandhini\AppData\Roaming\npm\node_modules\protractor\node_modules\selenium-webdriver\lib\promise.js:3067:27)
    at C:\Users\Nandhini\AppData\Roaming\npm\node_modules\protractor\node_modules\selenium-webdriver\lib\promise.js:2974:25
    at C:\Users\Nandhini\AppData\Roaming\npm\node_modules\protractor\node_modules\selenium-webdriver\lib\promise.js:668:7
From: Task: Run it("valiadte and handle drop down") in control flow
    at UserContext.<anonymous> (C:\Users\Nandhini\AppData\Roaming\npm\node_modules\protractor\node_modules\jasminewd2\index.js:94:19)
    at attempt (C:\Users\Nandhini\AppData\Roaming\npm\node_modules\protractor\node_modules\jasmine-core\lib\jasmine-core\jasmine.js:4297:26)
    at QueueRunner.run (C:\Users\Nandhini\AppData\Roaming\npm\node_modules\protractor\node_modules\jasmine-core\lib\jasmine-core\jasmine.js:4217:20)
    at QueueRunner.execute (C:\Users\Nandhini\AppData\Roaming\npm\node_modules\protractor\node_modules\jasmine-core\lib\jasmine-core\jasmine.js:4199:10)
    at Spec.queueRunnerFactory (C:\Users\Nandhini\AppData\Roaming\npm\node_modules\protractor\node_modules\jasmine-core\lib\jasmine-core\jasmine.js:909:35)
    at Spec.execute (C:\Users\Nandhini\AppData\Roaming\npm\node_modules\protractor\node_modules\jasmine-core\lib\jasmine-core\jasmine.js:526:10)
    at UserContext.fn (C:\Users\Nandhini\AppData\Roaming\npm\node_modules\protractor\node_modules\jasmine-core\lib\jasmine-core\jasmine.js:5340:37)
    at attempt (C:\Users\Nandhini\AppData\Roaming\npm\node_modules\protractor\node_modules\jasmine-core\lib\jasmine-core\jasmine.js:4297:26)
    at QueueRunner.run (C:\Users\Nandhini\AppData\Roaming\npm\node_modules\protractor\node_modules\jasmine-core\lib\jasmine-core\jasmine.js:4217:20)
    at QueueRunner.execute (C:\Users\Nandhini\AppData\Roaming\npm\node_modules\protractor\node_modules\jasmine-core\lib\jasmine-core\jasmine.js:4199:10)
    at queueRunnerFactory (C:\Users\Nandhini\AppData\Roaming\npm\node_modules\protractor\node_modules\jasmine-core\lib\jasmine-core\jasmine.js:909:35)
    at UserContext.fn (C:\Users\Nandhini\AppData\Roaming\npm\node_modules\protractor\node_modules\jasmine-core\lib\jasmine-core\jasmine.js:5325:13)
    at attempt (C:\Users\Nandhini\AppData\Roaming\npm\node_modules\protractor\node_modules\jasmine-core\lib\jasmine-core\jasmine.js:4297:26)
    at QueueRunner.run (C:\Users\Nandhini\AppData\Roaming\npm\node_modules\protractor\node_modules\jasmine-core\lib\jasmine-core\jasmine.js:4217:20)
    at runNext (C:\Users\Nandhini\AppData\Roaming\npm\node_modules\protractor\node_modules\jasmine-core\lib\jasmine-core\jasmine.js:4257:20)
    at C:\Users\Nandhini\AppData\Roaming\npm\node_modules\protractor\node_modules\jasmine-core\lib\jasmine-core\jasmine.js:4264:13
    at C:\Users\Nandhini\AppData\Roaming\npm\node_modules\protractor\node_modules\jasmine-core\lib\jasmine-core\jasmine.js:4172:9
    at QueueRunner.onComplete (C:\Users\Nandhini\AppData\Roaming\npm\node_modules\protractor\node_modules\jasmine-core\lib\jasmine-core\jasmine.js:5328:17)
    at Immediate.<anonymous> (C:\Users\Nandhini\AppData\Roaming\npm\node_modules\protractor\node_modules\jasmine-core\lib\jasmine-core\jasmine.js:4231:12)
    at processImmediate (node:internal/timers:483:21)
From asynchronous test: 
Error
    at Suite.<anonymous> (C:\Users\Nandhini\Documents\QA Study Docs\Protractor\user-interactions-examples\dropdown-handling.spec.js:5:5)
    at addSpecsToSuite (C:\Users\Nandhini\AppData\Roaming\npm\node_modules\protractor\node_modules\jasmine-core\lib\jasmine-core\jasmine.js:1107:25)
    at Env.describe (C:\Users\Nandhini\AppData\Roaming\npm\node_modules\protractor\node_modules\jasmine-core\lib\jasmine-core\jasmine.js:1074:7)
    at describe (C:\Users\Nandhini\AppData\Roaming\npm\node_modules\protractor\node_modules\jasmine-core\lib\jasmine-core\jasmine.js:4399:18)
    at Object.<anonymous> (C:\Users\Nandhini\Documents\QA Study Docs\Protractor\user-interactions-examples\dropdown-handling.spec.js:4:1)
    at Module._compile (node:internal/modules/cjs/loader:1546:14)
    at Object.Module._extensions..js (node:internal/modules/cjs/loader:1691:10)
    at Module.load (C:\Users\Nandhini\node_modules\coffeescript\lib\coffeescript\register.js:68:36)
    at Function.Module._load (node:internal/modules/cjs/loader:1127:12)
    at TracingChannel.traceSync (node:diagnostics_channel:315:14)
    at wrapModuleLoad (node:internal/modules/cjs/loader:217:24)
    at Module.require (node:internal/modules/cjs/loader:1339:12)
    at require (node:internal/modules/helpers:125:16)
    at C:\Users\Nandhini\AppData\Roaming\npm\node_modules\protractor\node_modules\jasmine\lib\jasmine.js:93:5
    at Array.forEach (<anonymous>)
    at Jasmine.loadSpecs (C:\Users\Nandhini\AppData\Roaming\npm\node_modules\protractor\node_modules\jasmine\lib\jasmine.js:92:18)
    at Jasmine.execute (C:\Users\Nandhini\AppData\Roaming\npm\node_modules\protractor\node_modules\jasmine\lib\jasmine.js:197:8)
    at C:\Users\Nandhini\AppData\Roaming\npm\node_modules\protractor\built\frameworks\jasmine.js:132:15
    at Function.promise (C:\Users\Nandhini\AppData\Roaming\npm\node_modules\protractor\node_modules\q\q.js:682:9)
    at C:\Users\Nandhini\AppData\Roaming\npm\node_modules\protractor\built\frameworks\jasmine.js:104:14
    at _fulfilled (C:\Users\Nandhini\AppData\Roaming\npm\node_modules\protractor\node_modules\q\q.js:834:54)
    at C:\Users\Nandhini\AppData\Roaming\npm\node_modules\protractor\node_modules\q\q.js:863:30
    at Promise.promise.promiseDispatch (C:\Users\Nandhini\AppData\Roaming\npm\node_modules\protractor\node_modules\q\q.js:796:13)
    at C:\Users\Nandhini\AppData\Roaming\npm\node_modules\protractor\node_modules\q\q.js:556:49
    at runSingle (C:\Users\Nandhini\AppData\Roaming\npm\node_modules\protractor\node_modules\q\q.js:137:13)
    at flush (C:\Users\Nandhini\AppData\Roaming\npm\node_modules\protractor\node_modules\q\q.js:125:13)
    at processTicksAndRejections (node:internal/process/task_queues:77:11)]]>
   </failure>
  </testcase>
 </testsuite>
</testsuites>